c:\users\alcal\onedrive\desktop\code2\x64\debug\vc142.pdb
c:\users\alcal\onedrive\desktop\code2\x64\debug\vc142.idb
c:\users\alexb\source\repos\github\code.-engine\x64\debug\vc142.pdb
c:\users\alexb\source\repos\github\code.-engine\x64\debug\vc142.idb
c:\mingw\msys\1.0\home\maniacaldrwatts\code.-engine\x64\debug\vc142.pdb
c:\mingw\msys\1.0\home\maniacaldrwatts\code.-engine\x64\debug\vc142.idb
c:\mingw\msys\1.0\home\maniacaldrwatts\code.-engine\x64\debug\sprite.obj
c:\mingw\msys\1.0\home\maniacaldrwatts\code.-engine\x64\debug\editor.obj
c:\mingw\msys\1.0\home\maniacaldrwatts\code.-engine\x64\debug\scene.obj
c:\mingw\msys\1.0\home\maniacaldrwatts\code.-engine\x64\debug\renderer.obj
c:\mingw\msys\1.0\home\maniacaldrwatts\code.-engine\x64\debug\main.obj
c:\mingw\msys\1.0\home\maniacaldrwatts\code.-engine\x64\debug\shaderloader.obj
c:\mingw\msys\1.0\home\maniacaldrwatts\code.-engine\x64\debug\imgui_widgets.obj
c:\mingw\msys\1.0\home\maniacaldrwatts\code.-engine\x64\debug\imgui_tables.obj
c:\mingw\msys\1.0\home\maniacaldrwatts\code.-engine\x64\debug\imgui_impl_opengl3.obj
c:\mingw\msys\1.0\home\maniacaldrwatts\code.-engine\x64\debug\imgui_impl_glfw.obj
c:\mingw\msys\1.0\home\maniacaldrwatts\code.-engine\x64\debug\imgui_draw.obj
c:\mingw\msys\1.0\home\maniacaldrwatts\code.-engine\x64\debug\imgui_demo.obj
c:\mingw\msys\1.0\home\maniacaldrwatts\code.-engine\x64\debug\imgui.obj
c:\mingw\msys\1.0\home\maniacaldrwatts\code.-engine\x64\debug\animator.obj
c:\mingw\msys\1.0\home\maniacaldrwatts\code.-engine\x64\debug\animationnotes.obj
c:\mingw\msys\1.0\home\maniacaldrwatts\code.-engine\x64\debug\codeengine.exe
c:\mingw\msys\1.0\home\maniacaldrwatts\code.-engine\x64\debug\codeengine.ilk
c:\mingw\msys\1.0\home\maniacaldrwatts\code.-engine\x64\debug\codeengine.pdb
c:\mingw\msys\1.0\home\maniacaldrwatts\code.-engine\x64\debug\editor.obj.enc
c:\mingw\msys\1.0\home\maniacaldrwatts\code.-engine\x64\debug\codeengine.tlog\cl.command.1.tlog
c:\mingw\msys\1.0\home\maniacaldrwatts\code.-engine\x64\debug\codeengine.tlog\cl.read.1.tlog
c:\mingw\msys\1.0\home\maniacaldrwatts\code.-engine\x64\debug\codeengine.tlog\cl.write.1.tlog
c:\mingw\msys\1.0\home\maniacaldrwatts\code.-engine\x64\debug\codeengine.tlog\link.command.1.tlog
c:\mingw\msys\1.0\home\maniacaldrwatts\code.-engine\x64\debug\codeengine.tlog\link.read.1.tlog
c:\mingw\msys\1.0\home\maniacaldrwatts\code.-engine\x64\debug\codeengine.tlog\link.write.1.tlog
