  Game.cpp
Main.obj : error LNK2019: unresolved external symbol "public: virtual __thiscall sf::RenderWindow::~RenderWindow(void)" (??1RenderWindow@sf@@UAE@XZ) referenced in function "public: __thiscall Window::~Window(void)" (??1Window@@QAE@XZ)
Window.obj : error LNK2001: unresolved external symbol "public: virtual __thiscall sf::RenderWindow::~RenderWindow(void)" (??1RenderWindow@sf@@UAE@XZ)
Main.obj : error LNK2019: unresolved external symbol "public: void __thiscall Game::LateUpdate(void)" (?LateUpdate@Game@@QAEXXZ) referenced in function _main
Window.obj : error LNK2019: unresolved external symbol "public: __thiscall sf::String::String(class std::basic_string<char,struct std::char_traits<char>,class std::allocator<char> > const &,class std::locale const &)" (??0String@sf@@QAE@ABV?$basic_string@DU?$char_traits@D@std@@V?$allocator@D@2@@std@@ABVlocale@3@@Z) referenced in function "public: __thiscall Window::Window(class std::basic_string<char,struct std::char_traits<char>,class std::allocator<char> > const &)" (??0Window@@QAE@ABV?$basic_string@DU?$char_traits@D@std@@V?$allocator@D@2@@std@@@Z)
Window.obj : error LNK2019: unresolved external symbol "public: __thiscall sf::VideoMode::VideoMode(unsigned int,unsigned int,unsigned int)" (??0VideoMode@sf@@QAE@III@Z) referenced in function "public: __thiscall Window::Window(class std::basic_string<char,struct std::char_traits<char>,class std::allocator<char> > const &)" (??0Window@@QAE@ABV?$basic_string@DU?$char_traits@D@std@@V?$allocator@D@2@@std@@@Z)
Window.obj : error LNK2019: unresolved external symbol "public: void __thiscall sf::Window::close(void)" (?close@Window@sf@@QAEXXZ) referenced in function "public: void __thiscall Window::Update(void)" (?Update@Window@@QAEXXZ)
Window.obj : error LNK2019: unresolved external symbol "public: bool __thiscall sf::Window::isOpen(void)const " (?isOpen@Window@sf@@QBE_NXZ) referenced in function "public: bool __thiscall Window::IsOpen(void)const " (?IsOpen@Window@@QBE_NXZ)
Window.obj : error LNK2019: unresolved external symbol "public: bool __thiscall sf::Window::pollEvent(class sf::Event &)" (?pollEvent@Window@sf@@QAE_NAAVEvent@2@@Z) referenced in function "public: void __thiscall Window::Update(void)" (?Update@Window@@QAEXXZ)
Window.obj : error LNK2019: unresolved external symbol "public: void __thiscall sf::Window::setVerticalSyncEnabled(bool)" (?setVerticalSyncEnabled@Window@sf@@QAEX_N@Z) referenced in function "public: __thiscall Window::Window(class std::basic_string<char,struct std::char_traits<char>,class std::allocator<char> > const &)" (??0Window@@QAE@ABV?$basic_string@DU?$char_traits@D@std@@V?$allocator@D@2@@std@@@Z)
Window.obj : error LNK2019: unresolved external symbol "public: void __thiscall sf::Window::display(void)" (?display@Window@sf@@QAEXXZ) referenced in function "public: void __thiscall Window::EndDraw(void)" (?EndDraw@Window@@QAEXXZ)
Window.obj : error LNK2019: unresolved external symbol "public: void __thiscall sf::RenderTarget::clear(class sf::Color const &)" (?clear@RenderTarget@sf@@QAEXABVColor@2@@Z) referenced in function "public: void __thiscall Window::BeginDraw(void)" (?BeginDraw@Window@@QAEXXZ)
Window.obj : error LNK2019: unresolved external symbol "public: void __thiscall sf::RenderTarget::draw(class sf::Drawable const &,class sf::RenderStates const &)" (?draw@RenderTarget@sf@@QAEXABVDrawable@2@ABVRenderStates@2@@Z) referenced in function "public: void __thiscall Window::Draw(class sf::Drawable const &)" (?Draw@Window@@QAEXABVDrawable@sf@@@Z)
Window.obj : error LNK2019: unresolved external symbol "public: __thiscall sf::RenderWindow::RenderWindow(class sf::VideoMode,class sf::String const &,unsigned int,struct sf::ContextSettings const &)" (??0RenderWindow@sf@@QAE@VVideoMode@1@ABVString@1@IABUContextSettings@1@@Z) referenced in function "public: __thiscall Window::Window(class std::basic_string<char,struct std::char_traits<char>,class std::allocator<char> > const &)" (??0Window@@QAE@ABV?$basic_string@DU?$char_traits@D@std@@V?$allocator@D@2@@std@@@Z)
Window.obj : error LNK2001: unresolved external symbol "public: static class sf::RenderStates const sf::RenderStates::Default" (?Default@RenderStates@sf@@2V12@B)
Window.obj : error LNK2001: unresolved external symbol "public: static class sf::Color const sf::Color::White" (?White@Color@sf@@2V12@B)
c:\SFML-2.5.1\lib\sfml-graphics-d.lib : warning LNK4272: library machine type 'x64' conflicts with target machine type 'x86'
c:\SFML-2.5.1\lib\sfml-window-d.lib : warning LNK4272: library machine type 'x64' conflicts with target machine type 'x86'
c:\SFML-2.5.1\lib\sfml-system-d.lib : warning LNK4272: library machine type 'x64' conflicts with target machine type 'x86'
C:\Users\alexb\source\repos\Project2\Debug\Project2.exe : fatal error LNK1120: 14 unresolved externals
